2026-01-11 22:02:06,917 [INFO] ============================================================
2026-01-11 22:02:06,917 [INFO] RTVM广播系统启动
2026-01-11 22:02:06,917 [INFO] ============================================================
2026-01-11 22:02:06,920 [INFO] 播发数据保存路径: output/vtec_%Y%m%d_%h%M.bin::S=1
2026-01-11 22:02:39,035 [INFO] ============================================================
2026-01-11 22:02:39,035 [INFO] RTVM广播系统启动
2026-01-11 22:02:39,035 [INFO] ============================================================
2026-01-11 22:02:39,036 [INFO] 播发数据保存路径: output/vtec_%Y%m%d_%h%M.bin::S=1
2026-01-11 22:02:39,040 [INFO] 加载初始文件: ATMO2025326110000_vtec_grid.inx
2026-01-11 22:02:39,051 [INFO] 系统运行中，按Ctrl+C退出
2026-01-11 22:04:41,532 [INFO] ============================================================
2026-01-11 22:04:41,532 [INFO] RTVM广播系统启动
2026-01-11 22:04:41,533 [INFO] ============================================================
2026-01-11 22:04:41,534 [INFO] 播发数据保存路径: output/vtec_%Y%m%d_%h%M.bin::S=1
2026-01-11 22:04:41,538 [INFO] 加载初始文件: ATMO2025326110000_vtec_grid.inx
2026-01-11 22:04:41,540 [INFO] 系统运行中，按Ctrl+C退出
2026-01-11 22:09:49,719 [INFO] ============================================================
2026-01-11 22:09:49,720 [INFO] RTVM广播系统启动
2026-01-11 22:09:49,720 [INFO] ============================================================
2026-01-11 22:09:49,721 [INFO] 播发数据保存路径: output/vtec_%Y%m%d_%h%M.bin::S=1
2026-01-11 22:09:49,725 [INFO] 加载初始文件: ATMO2025326110000_vtec_grid.inx
2026-01-11 22:09:49,728 [INFO] 系统运行中，按Ctrl+C退出
2026-01-11 22:19:02,536 [INFO] ============================================================
2026-01-11 22:19:02,536 [INFO] RTVM广播系统启动
2026-01-11 22:19:02,537 [INFO] ============================================================
2026-01-11 22:19:02,539 [INFO] 播发数据保存路径: output/vtec_%Y%m%d_%h%M.bin::S=1
2026-01-11 22:19:02,543 [INFO] 加载初始文件: ATMO2025326110000_vtec_grid.inx
2026-01-11 22:19:02,546 [INFO] 系统运行中，按Ctrl+C退出
